2019-09-19 19:46:41 DEBUG InjectorInitializer:15 - Injection started...
2019-09-19 21:25:15 DEBUG InjectorInitializer:15 - Injection started...
2019-09-19 21:25:30 DEBUG TestData:33 - Item created
2019-09-19 21:37:56 DEBUG InjectorInitializer:15 - Injection started...
2019-09-19 21:40:21 DEBUG TestData:33 - Item created
2019-09-19 21:40:25 DEBUG TestData:33 - Item created
2019-09-19 21:40:28 DEBUG TestData:33 - Item created
2019-09-19 21:40:32 DEBUG TestData:33 - Item created
2019-09-20 00:39:33 DEBUG TestData:33 - Item created
2019-09-20 00:54:59 DEBUG InjectorInitializer:15 - Injection started...
2019-09-20 00:55:29 DEBUG InjectorInitializer:15 - Injection started...
2019-09-20 00:55:41 DEBUG TestData:33 - Item created
2019-09-20 00:55:46 DEBUG TestData:33 - Item created
2019-09-20 00:55:51 DEBUG TestData:33 - Item created
2019-09-20 00:59:07 DEBUG InjectorInitializer:15 - Injection started...
2019-09-20 00:59:13 DEBUG TestData:33 - Item created
2019-09-20 01:01:44 DEBUG InjectorInitializer:15 - Injection started...
2019-09-20 01:01:53 DEBUG TestData:33 - Item created
2019-09-20 08:42:38 DEBUG InjectorInitializer:15 - Injection started...
2019-09-20 08:47:50 DEBUG InjectorInitializer:15 - Injection started...
2019-09-20 08:50:06 DEBUG TestData:33 - Item created
2019-09-20 08:50:09 DEBUG TestData:33 - Item created
2019-09-20 08:50:33 DEBUG TestData:33 - Item created
2019-09-20 08:59:07 DEBUG InjectorInitializer:15 - Injection started...
2019-09-20 09:35:34 DEBUG InjectorInitializer:15 - Injection started...
2019-09-20 15:20:23 DEBUG InjectorInitializer:15 - Injection started...
2019-09-20 16:57:58 DEBUG InjectorInitializer:15 - Injection started...
2019-09-20 18:06:51 DEBUG InjectorInitializer:15 - Injection started...
2019-09-20 18:08:11 DEBUG InjectorInitializer:15 - Injection started...
2019-09-20 19:09:10 DEBUG TestData:33 - Item created
2019-09-20 19:09:15 DEBUG TestData:33 - Item created
2019-09-22 18:45:23 DEBUG InjectorInitializer:15 - Injection started...
2019-09-22 18:46:41 DEBUG TestData:33 - Item created
2019-09-22 18:52:53 DEBUG InjectorInitializer:15 - Injection started...
2019-09-22 18:55:29 DEBUG InjectorInitializer:15 - Injection started...
2019-09-22 20:48:04 DEBUG InjectorInitializer:15 - Injection started...
2019-09-22 20:51:42 DEBUG InjectorInitializer:15 - Injection started...
2019-09-22 20:56:39 DEBUG InjectorInitializer:15 - Injection started...
2019-09-22 20:57:11 DEBUG InjectorInitializer:15 - Injection started...
2019-09-22 21:04:00 DEBUG InjectorInitializer:15 - Injection started...
2019-09-22 21:07:39 INFO  AuthenticationFilter:33 - User: Valdes2 was authenticated
2019-09-22 21:10:54 INFO  AuthenticationFilter:33 - User: Valdes2 was authenticated
2019-09-22 21:11:18 INFO  AuthenticationFilter:36 - User was not authenticated
2019-09-22 21:11:44 INFO  AuthenticationFilter:36 - User was not authenticated
2019-09-22 21:12:07 INFO  AuthenticationFilter:36 - User was not authenticated
2019-09-22 21:16:20 DEBUG InjectorInitializer:15 - Injection started...
2019-09-22 21:16:24 INFO  AuthenticationFilter:38 - User was not authenticated
2019-09-22 21:16:36 INFO  AuthenticationFilter:35 - User: Valdes2 was authenticated
2019-09-22 21:16:40 INFO  AuthenticationFilter:38 - User was not authenticated
2019-09-22 21:16:42 INFO  AuthenticationFilter:38 - User was not authenticated
2019-09-22 21:19:26 INFO  AuthenticationFilter:38 - User was not authenticated
2019-09-22 21:19:47 INFO  AuthenticationFilter:35 - User: Valdes2 was authenticated
2019-09-22 21:20:09 DEBUG TestData:33 - Item created
2019-09-22 21:20:13 INFO  AuthenticationFilter:35 - User: Valdes2 was authenticated
2019-09-22 21:20:14 INFO  AuthenticationFilter:35 - User: Valdes2 was authenticated
2019-09-22 21:20:17 INFO  AuthenticationFilter:35 - User: Valdes2 was authenticated
2019-09-22 21:20:18 INFO  AuthenticationFilter:35 - User: Valdes2 was authenticated
2019-09-22 21:20:34 INFO  AuthenticationFilter:35 - User: Valdes2 was authenticated
2019-09-22 21:20:37 INFO  AuthenticationFilter:35 - User: Valdes2 was authenticated
2019-09-22 21:20:40 INFO  AuthenticationFilter:35 - User: Valdes2 was authenticated
2019-09-22 21:20:40 INFO  AuthenticationFilter:35 - User: Valdes2 was authenticated
2019-09-22 21:20:41 INFO  AuthenticationFilter:35 - User: Valdes2 was authenticated
2019-09-22 21:20:43 INFO  AuthenticationFilter:35 - User: Valdes2 was authenticated
2019-09-22 21:20:48 INFO  AuthenticationFilter:35 - User: Valdes2 was authenticated
2019-09-22 21:21:46 DEBUG InjectorInitializer:15 - Injection started...
2019-09-22 21:23:01 INFO  AuthenticationFilter:38 - User was not authenticated
2019-09-22 21:23:08 INFO  AuthenticationFilter:35 - User: Valdes2 was authenticated
2019-09-22 21:23:22 DEBUG TestData:33 - Item created
2019-09-22 21:23:27 INFO  AuthenticationFilter:35 - User: Valdes2 was authenticated
2019-09-22 21:23:28 INFO  AuthenticationFilter:35 - User: Valdes2 was authenticated
2019-09-22 21:24:20 DEBUG InjectorInitializer:15 - Injection started...
2019-09-22 21:24:24 INFO  AuthenticationFilter:38 - User was not authenticated
2019-09-22 21:24:28 INFO  AuthenticationFilter:38 - User was not authenticated
2019-09-22 21:24:30 INFO  AuthenticationFilter:38 - User was not authenticated
2019-09-22 21:24:52 INFO  AuthenticationFilter:38 - User was not authenticated
2019-09-22 21:29:24 DEBUG InjectorInitializer:15 - Injection started...
2019-09-22 21:29:35 INFO  AuthenticationFilter:38 - User was not authenticated
2019-09-22 21:29:38 INFO  AuthenticationFilter:38 - User was not authenticated
2019-09-22 21:29:39 INFO  AuthenticationFilter:38 - User was not authenticated
2019-09-22 21:32:21 INFO  AuthenticationFilter:38 - User was not authenticated
2019-09-22 21:33:22 INFO  AuthenticationFilter:38 - User was not authenticated
2019-09-22 21:33:24 INFO  AuthenticationFilter:38 - User was not authenticated
2019-09-22 21:34:06 INFO  AuthenticationFilter:38 - User was not authenticated
2019-09-22 21:35:27 INFO  AuthenticationFilter:38 - User was not authenticated
2019-09-22 21:35:37 INFO  AuthenticationFilter:35 - User: Valdes2 was authenticated
2019-09-22 21:35:42 INFO  AuthenticationFilter:35 - User: Valdes2 was authenticated
2019-09-22 21:40:24 DEBUG TestData:33 - Item created
2019-09-22 21:40:34 DEBUG TestData:33 - Item created
2019-09-22 21:40:41 DEBUG TestData:33 - Item created
2019-09-22 21:40:58 INFO  AuthenticationFilter:35 - User: Valdes2 was authenticated
2019-09-22 21:41:06 DEBUG TestData:33 - Item created
2019-09-22 21:41:56 DEBUG TestData:33 - Item created
2019-09-22 21:43:33 DEBUG InjectorInitializer:15 - Injection started...
2019-09-22 21:43:49 DEBUG TestData:33 - Item created
2019-09-22 21:43:54 DEBUG TestData:33 - Item created
2019-09-22 21:50:10 DEBUG TestData:33 - Item created
2019-09-22 21:50:15 DEBUG TestData:33 - Item created
2019-09-22 21:50:17 INFO  AuthenticationFilter:38 - User was not authenticated
2019-09-22 21:50:58 INFO  AuthenticationFilter:38 - User was not authenticated
2019-09-22 21:51:02 INFO  AuthenticationFilter:38 - User was not authenticated
2019-09-22 21:51:04 INFO  AuthenticationFilter:38 - User was not authenticated
2019-09-22 21:51:06 INFO  AuthenticationFilter:38 - User was not authenticated
2019-09-22 21:52:49 INFO  AuthenticationFilter:38 - User was not authenticated
2019-09-22 21:52:55 INFO  AuthenticationFilter:35 - User: Valdes2 was authenticated
2019-09-22 21:52:57 INFO  AuthenticationFilter:38 - User was not authenticated
2019-09-22 21:53:00 INFO  AuthenticationFilter:38 - User was not authenticated
2019-09-22 21:53:07 INFO  AuthenticationFilter:38 - User was not authenticated
2019-09-22 21:53:24 INFO  AuthenticationFilter:35 - User: Valdes2 was authenticated
2019-09-22 21:53:25 INFO  AuthenticationFilter:35 - User: Valdes2 was authenticated
2019-09-22 21:53:25 INFO  AuthenticationFilter:35 - User: Valdes2 was authenticated
2019-09-22 21:53:26 INFO  AuthenticationFilter:35 - User: Valdes2 was authenticated
2019-09-22 21:53:28 INFO  AuthenticationFilter:35 - User: Valdes2 was authenticated
2019-09-22 21:53:29 INFO  AuthenticationFilter:35 - User: Valdes2 was authenticated
2019-09-22 21:53:33 INFO  AuthenticationFilter:35 - User: Valdes2 was authenticated
2019-09-22 21:53:34 INFO  AuthenticationFilter:35 - User: Valdes2 was authenticated
2019-09-22 21:53:37 INFO  AuthenticationFilter:35 - User: Valdes2 was authenticated
2019-09-22 21:53:37 INFO  AuthenticationFilter:35 - User: Valdes2 was authenticated
2019-09-22 21:53:38 INFO  AuthenticationFilter:35 - User: Valdes2 was authenticated
2019-09-22 21:53:38 INFO  AuthenticationFilter:35 - User: Valdes2 was authenticated
2019-09-22 21:53:40 INFO  AuthenticationFilter:35 - User: Valdes2 was authenticated
2019-09-22 21:53:42 INFO  AuthenticationFilter:35 - User: Valdes2 was authenticated
2019-09-22 21:53:45 INFO  AuthenticationFilter:35 - User: Valdes2 was authenticated
2019-09-22 21:53:49 INFO  AuthenticationFilter:35 - User: Valdes2 was authenticated
2019-09-22 21:54:10 INFO  AuthenticationFilter:35 - User: www was authenticated
2019-09-22 21:54:14 INFO  AuthenticationFilter:35 - User: www was authenticated
2019-09-22 21:54:58 INFO  AuthenticationFilter:35 - User: www was authenticated
2019-09-22 21:55:02 INFO  AuthenticationFilter:35 - User: www was authenticated
2019-09-22 21:55:08 INFO  AuthenticationFilter:35 - User: www was authenticated
2019-09-22 21:55:09 INFO  AuthenticationFilter:35 - User: www was authenticated
2019-09-22 21:55:09 INFO  AuthenticationFilter:35 - User: www was authenticated
2019-09-22 21:55:10 INFO  AuthenticationFilter:35 - User: www was authenticated
2019-09-22 21:55:20 INFO  AuthenticationFilter:35 - User: www was authenticated
2019-09-22 22:15:28 DEBUG InjectorInitializer:15 - Injection started...
2019-09-22 22:18:26 INFO  AuthenticationFilter:41 - User was not authenticated
2019-09-22 22:18:33 DEBUG TestData:33 - Item created
2019-09-22 22:19:52 INFO  AuthenticationFilter:41 - User was not authenticated
2019-09-22 22:20:07 INFO  AuthenticationFilter:38 - User: Valdes2 was authenticated
2019-09-22 22:20:18 INFO  AuthenticationFilter:38 - User: Valdes2 was authenticated
2019-09-22 22:22:01 INFO  AuthenticationFilter:39 - User: Valdes2 was authenticated
2019-09-22 22:22:03 INFO  AuthenticationFilter:42 - User was not authenticated
2019-09-22 22:22:20 INFO  AuthenticationFilter:39 - User: Valdes2 was authenticated
2019-09-22 22:22:29 INFO  AuthenticationFilter:42 - User was not authenticated
2019-09-22 22:22:34 INFO  AuthenticationFilter:42 - User was not authenticated
2019-09-22 22:22:42 INFO  AuthenticationFilter:39 - User: Valdes2 was authenticated
2019-09-22 22:22:45 INFO  AuthenticationFilter:42 - User was not authenticated
2019-09-22 22:22:52 INFO  AuthenticationFilter:42 - User was not authenticated
2019-09-22 22:26:37 INFO  AuthenticationFilter:42 - User was not authenticated
2019-09-22 22:26:42 INFO  AuthenticationFilter:42 - User was not authenticated
2019-09-22 22:27:01 INFO  AuthenticationFilter:39 - User: Valdes2 was authenticated
2019-09-22 22:27:06 INFO  AuthenticationFilter:39 - User: Valdes2 was authenticated
2019-09-22 22:27:09 INFO  AuthenticationFilter:39 - User: Valdes2 was authenticated
2019-09-22 22:27:41 DEBUG InjectorInitializer:15 - Injection started...
2019-09-23 11:02:50 DEBUG InjectorInitializer:15 - Injection started...
2019-09-23 11:04:02 INFO  AuthenticationFilter:39 - User: Valdes2 was authenticated
2019-09-23 11:04:16 DEBUG TestData:33 - Item created
2019-09-23 11:04:17 INFO  AuthenticationFilter:39 - User: Valdes2 was authenticated
2019-09-23 11:04:40 INFO  AuthenticationFilter:39 - User: Valdes2 was authenticated
2019-09-23 11:04:51 INFO  AuthenticationFilter:39 - User: Valdes2 was authenticated
2019-09-23 11:09:22 DEBUG InjectorInitializer:15 - Injection started...
2019-09-23 11:09:30 DEBUG TestData:33 - Item created
2019-09-23 11:09:37 DEBUG TestData:33 - Item created
2019-09-23 11:09:54 INFO  AuthenticationFilter:42 - User was not authenticated
2019-09-23 11:09:59 INFO  AuthenticationFilter:42 - User was not authenticated
2019-09-23 11:10:02 INFO  AuthenticationFilter:42 - User was not authenticated
2019-09-23 11:10:04 INFO  AuthenticationFilter:42 - User was not authenticated
2019-09-23 11:10:21 INFO  AuthenticationFilter:42 - User was not authenticated
2019-09-23 12:39:57 DEBUG InjectorInitializer:15 - Injection started...
2019-09-23 12:40:23 DEBUG TestData:33 - Item created
2019-09-23 12:40:27 INFO  AuthenticationFilter:39 - User: Valdes2 was authenticated
2019-09-23 12:40:31 INFO  AuthenticationFilter:39 - User: Valdes2 was authenticated
2019-09-23 12:40:39 INFO  AuthenticationFilter:39 - User: Valdes2 was authenticated
2019-09-23 12:40:42 INFO  AuthenticationFilter:39 - User: Valdes2 was authenticated
2019-09-23 12:40:44 INFO  AuthenticationFilter:39 - User: Valdes2 was authenticated
2019-09-23 12:40:44 INFO  AuthenticationFilter:39 - User: Valdes2 was authenticated
2019-09-23 12:40:47 INFO  AuthenticationFilter:39 - User: Valdes2 was authenticated
2019-09-23 12:40:47 INFO  AuthenticationFilter:39 - User: Valdes2 was authenticated
2019-09-23 12:42:18 INFO  AuthenticationFilter:39 - User: Valdes2 was authenticated
2019-09-23 12:42:21 INFO  AuthenticationFilter:39 - User: Valdes2 was authenticated
2019-09-23 12:42:21 INFO  AuthenticationFilter:42 - User was not authenticated
2019-09-23 12:42:47 INFO  AuthenticationFilter:39 - User: Valdes2 was authenticated
2019-09-23 12:42:59 INFO  AuthenticationFilter:39 - User: Valdes2 was authenticated
2019-09-23 12:43:04 INFO  AuthenticationFilter:39 - User: Valdes2 was authenticated
2019-09-23 12:43:05 INFO  AuthenticationFilter:39 - User: Valdes2 was authenticated
2019-09-23 12:43:06 INFO  AuthenticationFilter:39 - User: Valdes2 was authenticated
2019-09-23 12:43:11 INFO  AuthenticationFilter:39 - User: Valdes2 was authenticated
2019-09-23 12:43:12 INFO  AuthenticationFilter:39 - User: Valdes2 was authenticated
2019-09-23 12:43:13 INFO  AuthenticationFilter:39 - User: Valdes2 was authenticated
2019-09-23 12:43:19 INFO  AuthenticationFilter:39 - User: Valdes2 was authenticated
2019-09-23 12:43:27 INFO  AuthenticationFilter:39 - User: Valdes2 was authenticated
2019-09-23 12:43:37 INFO  AuthenticationFilter:39 - User: Valdes2 was authenticated
2019-09-23 12:43:37 INFO  AuthenticationFilter:39 - User: Valdes2 was authenticated
2019-09-23 12:43:38 INFO  AuthenticationFilter:39 - User: Valdes2 was authenticated
2019-09-23 12:43:48 INFO  AuthenticationFilter:39 - User: www was authenticated
2019-09-23 12:43:54 INFO  AuthenticationFilter:39 - User: www was authenticated
2019-09-23 12:43:55 INFO  AuthenticationFilter:39 - User: www was authenticated
2019-09-23 12:43:56 INFO  AuthenticationFilter:39 - User: www was authenticated
2019-09-23 12:44:02 INFO  AuthenticationFilter:39 - User: www was authenticated
2019-09-23 12:44:15 INFO  AuthenticationFilter:39 - User: www was authenticated
2019-09-23 12:44:20 INFO  AuthenticationFilter:39 - User: www was authenticated
2019-09-23 12:44:21 INFO  AuthenticationFilter:39 - User: www was authenticated
2019-09-23 12:44:21 INFO  AuthenticationFilter:39 - User: www was authenticated
2019-09-23 12:44:32 INFO  AuthenticationFilter:39 - User: www was authenticated
2019-09-23 12:44:34 INFO  AuthenticationFilter:39 - User: www was authenticated
2019-09-23 12:44:34 INFO  AuthenticationFilter:39 - User: www was authenticated
2019-09-23 12:44:38 INFO  AuthenticationFilter:39 - User: www was authenticated
2019-09-23 12:44:38 INFO  AuthenticationFilter:39 - User: www was authenticated
2019-09-23 12:44:39 INFO  AuthenticationFilter:39 - User: www was authenticated
2019-09-23 12:44:43 INFO  AuthenticationFilter:39 - User: www was authenticated
2019-09-23 12:44:43 INFO  AuthenticationFilter:39 - User: www was authenticated
2019-09-23 12:44:44 INFO  AuthenticationFilter:39 - User: www was authenticated
2019-09-23 12:44:44 INFO  AuthenticationFilter:39 - User: www was authenticated
2019-09-23 12:44:45 INFO  AuthenticationFilter:39 - User: www was authenticated
2019-09-23 12:44:45 INFO  AuthenticationFilter:39 - User: www was authenticated
2019-09-23 12:44:45 INFO  AuthenticationFilter:39 - User: www was authenticated
2019-09-23 12:44:45 INFO  AuthenticationFilter:39 - User: www was authenticated
2019-09-23 12:44:46 INFO  AuthenticationFilter:39 - User: www was authenticated
2019-09-23 12:44:46 INFO  AuthenticationFilter:39 - User: www was authenticated
2019-09-23 12:44:46 INFO  AuthenticationFilter:39 - User: www was authenticated
2019-09-23 12:44:46 INFO  AuthenticationFilter:39 - User: www was authenticated
2019-09-23 12:44:47 INFO  AuthenticationFilter:39 - User: www was authenticated
2019-09-23 12:44:47 INFO  AuthenticationFilter:39 - User: www was authenticated
2019-09-23 12:44:47 INFO  AuthenticationFilter:39 - User: www was authenticated
2019-09-23 12:44:47 INFO  AuthenticationFilter:39 - User: www was authenticated
2019-09-23 12:44:48 INFO  AuthenticationFilter:39 - User: www was authenticated
2019-09-23 12:44:48 INFO  AuthenticationFilter:39 - User: www was authenticated
2019-09-23 12:44:50 INFO  AuthenticationFilter:39 - User: www was authenticated
2019-09-23 12:44:50 INFO  AuthenticationFilter:39 - User: www was authenticated
2019-09-23 12:48:37 DEBUG InjectorInitializer:15 - Injection started...
2019-09-23 12:48:54 DEBUG TestData:33 - Item created
2019-09-23 12:48:57 INFO  AuthenticationFilter:39 - User: Valdes2 was authenticated
2019-09-23 12:49:01 INFO  AuthenticationFilter:39 - User: Valdes2 was authenticated
2019-09-23 12:49:02 INFO  AuthenticationFilter:39 - User: Valdes2 was authenticated
2019-09-23 12:49:03 INFO  AuthenticationFilter:39 - User: Valdes2 was authenticated
2019-09-23 12:49:05 INFO  AuthenticationFilter:39 - User: Valdes2 was authenticated
2019-09-23 12:49:28 INFO  AuthenticationFilter:39 - User: Valdes2 was authenticated
2019-09-23 12:49:38 INFO  AuthenticationFilter:39 - User: Valdes2 was authenticated
2019-09-23 12:49:38 INFO  AuthenticationFilter:39 - User: Valdes2 was authenticated
2019-09-23 12:49:39 INFO  AuthenticationFilter:39 - User: Valdes2 was authenticated
2019-09-23 12:49:40 INFO  AuthenticationFilter:39 - User: Valdes2 was authenticated
2019-09-23 12:49:40 INFO  AuthenticationFilter:39 - User: Valdes2 was authenticated
2019-09-23 12:49:42 INFO  AuthenticationFilter:39 - User: Valdes2 was authenticated
2019-09-23 12:49:42 INFO  AuthenticationFilter:39 - User: Valdes2 was authenticated
2019-09-23 12:49:49 INFO  AuthenticationFilter:39 - User: Valdes2 was authenticated
2019-09-23 12:49:49 INFO  AuthenticationFilter:39 - User: Valdes2 was authenticated
2019-09-23 12:49:50 INFO  AuthenticationFilter:39 - User: Valdes2 was authenticated
2019-09-23 12:52:34 DEBUG InjectorInitializer:15 - Injection started...
2019-09-23 12:53:15 INFO  AuthenticationFilter:39 - User: Valdes2 was authenticated
2019-09-23 12:53:21 INFO  AuthenticationFilter:39 - User: Valdes2 was authenticated
2019-09-23 12:53:36 DEBUG TestData:33 - Item created
2019-09-23 12:53:41 DEBUG TestData:33 - Item created
2019-09-23 12:53:52 INFO  AuthenticationFilter:39 - User: Valdes2 was authenticated
2019-09-23 12:53:54 INFO  AuthenticationFilter:39 - User: Valdes2 was authenticated
2019-09-23 12:53:55 INFO  AuthenticationFilter:39 - User: Valdes2 was authenticated
2019-09-23 12:54:13 INFO  AuthenticationFilter:39 - User: Valdes2 was authenticated
2019-09-23 12:54:17 INFO  AuthenticationFilter:39 - User: Valdes2 was authenticated
2019-09-23 12:54:30 INFO  AuthenticationFilter:39 - User: Valdes2 was authenticated
2019-09-23 12:54:32 INFO  AuthenticationFilter:39 - User: Valdes2 was authenticated
2019-09-23 12:54:34 INFO  AuthenticationFilter:39 - User: Valdes2 was authenticated
2019-09-23 12:54:34 INFO  AuthenticationFilter:39 - User: Valdes2 was authenticated
2019-09-23 12:54:38 INFO  AuthenticationFilter:39 - User: Valdes2 was authenticated
2019-09-23 12:54:41 INFO  AuthenticationFilter:39 - User: Valdes2 was authenticated
2019-09-23 12:54:42 INFO  AuthenticationFilter:39 - User: Valdes2 was authenticated
2019-09-23 12:54:42 INFO  AuthenticationFilter:39 - User: Valdes2 was authenticated
2019-09-23 12:54:43 INFO  AuthenticationFilter:39 - User: Valdes2 was authenticated
2019-09-23 12:54:57 INFO  AuthenticationFilter:39 - User: Valdes2 was authenticated
2019-09-23 12:55:14 INFO  AuthenticationFilter:39 - User: Valdes2 was authenticated
2019-09-23 12:55:22 INFO  AuthenticationFilter:39 - User: www was authenticated
2019-09-23 12:55:28 INFO  AuthenticationFilter:39 - User: www was authenticated
2019-09-23 12:55:33 INFO  AuthenticationFilter:39 - User: www was authenticated
2019-09-23 12:55:34 INFO  AuthenticationFilter:39 - User: www was authenticated
2019-09-23 12:55:34 INFO  AuthenticationFilter:39 - User: www was authenticated
2019-09-23 12:55:38 INFO  AuthenticationFilter:39 - User: www was authenticated
2019-09-23 12:55:42 INFO  AuthenticationFilter:39 - User: www was authenticated
2019-09-23 12:55:44 INFO  AuthenticationFilter:39 - User: www was authenticated
2019-09-23 12:55:49 INFO  AuthenticationFilter:39 - User: www was authenticated
2019-09-23 12:57:05 INFO  AuthenticationFilter:39 - User: www was authenticated
2019-09-23 12:57:07 INFO  AuthenticationFilter:39 - User: www was authenticated
2019-09-23 12:57:07 INFO  AuthenticationFilter:42 - User was not authenticated
2019-09-23 12:57:20 INFO  AuthenticationFilter:39 - User: Valdes2 was authenticated
2019-09-23 12:57:20 INFO  AuthenticationFilter:39 - User: Valdes2 was authenticated
2019-09-23 12:57:21 INFO  AuthenticationFilter:39 - User: Valdes2 was authenticated
2019-09-23 12:57:24 INFO  AuthenticationFilter:39 - User: Valdes2 was authenticated
2019-09-23 12:57:24 INFO  AuthenticationFilter:39 - User: Valdes2 was authenticated
2019-09-23 12:57:26 INFO  AuthenticationFilter:39 - User: Valdes2 was authenticated
2019-09-23 12:57:26 INFO  AuthenticationFilter:39 - User: Valdes2 was authenticated
2019-09-23 12:57:27 INFO  AuthenticationFilter:39 - User: Valdes2 was authenticated
2019-09-23 12:57:27 INFO  AuthenticationFilter:39 - User: Valdes2 was authenticated
2019-09-23 12:57:30 INFO  AuthenticationFilter:39 - User: Valdes2 was authenticated
2019-09-23 12:57:30 INFO  AuthenticationFilter:39 - User: Valdes2 was authenticated
2019-09-23 12:57:32 INFO  AuthenticationFilter:39 - User: Valdes2 was authenticated
2019-09-23 12:57:33 INFO  AuthenticationFilter:39 - User: Valdes2 was authenticated
2019-09-23 12:57:34 INFO  AuthenticationFilter:39 - User: Valdes2 was authenticated
2019-09-23 12:57:34 INFO  AuthenticationFilter:39 - User: Valdes2 was authenticated
2019-09-23 12:57:35 INFO  AuthenticationFilter:39 - User: Valdes2 was authenticated
2019-09-23 12:57:36 INFO  AuthenticationFilter:39 - User: Valdes2 was authenticated
2019-09-23 12:57:36 INFO  AuthenticationFilter:39 - User: Valdes2 was authenticated
2019-09-23 12:57:48 INFO  AuthenticationFilter:39 - User: Valdes2 was authenticated
2019-09-23 12:57:55 INFO  AuthenticationFilter:39 - User: Valdes2 was authenticated
2019-09-23 12:58:00 INFO  AuthenticationFilter:39 - User: Valdes2 was authenticated
2019-09-23 12:58:01 INFO  AuthenticationFilter:39 - User: Valdes2 was authenticated
2019-09-23 12:58:09 INFO  AuthenticationFilter:39 - User: Valdes2 was authenticated
2019-09-23 12:58:16 INFO  AuthenticationFilter:39 - User: Valdes2 was authenticated
2019-09-23 12:58:18 INFO  AuthenticationFilter:39 - User: Valdes2 was authenticated
2019-09-23 12:58:34 INFO  AuthenticationFilter:39 - User: Valdes2 was authenticated
2019-09-23 12:58:37 INFO  AuthenticationFilter:39 - User: Valdes2 was authenticated
2019-09-23 12:58:47 INFO  AuthenticationFilter:39 - User: www was authenticated
2019-09-23 12:58:50 INFO  AuthenticationFilter:39 - User: www was authenticated
2019-09-23 13:00:24 INFO  AuthenticationFilter:39 - User: www was authenticated
2019-09-23 13:00:25 INFO  AuthenticationFilter:39 - User: www was authenticated
2019-09-23 13:00:25 INFO  AuthenticationFilter:42 - User was not authenticated
2019-09-23 13:00:31 INFO  AuthenticationFilter:39 - User: Valdes2 was authenticated
2019-09-23 13:00:39 INFO  AuthenticationFilter:39 - User: Valdes2 was authenticated
2019-09-23 13:33:38 INFO  AuthenticationFilter:39 - User: Valdes2 was authenticated
2019-09-23 13:33:44 INFO  AuthenticationFilter:39 - User: Valdes2 was authenticated
2019-09-23 13:34:09 INFO  AuthenticationFilter:39 - User: Valdes2 was authenticated
2019-09-23 13:34:13 INFO  AuthenticationFilter:39 - User: Valdes2 was authenticated
2019-09-23 13:34:14 INFO  AuthenticationFilter:39 - User: Valdes2 was authenticated
2019-09-23 13:34:14 INFO  AuthenticationFilter:42 - User was not authenticated
2019-09-23 13:34:30 DEBUG TestData:33 - Item created
2019-09-23 13:34:35 INFO  AuthenticationFilter:39 - User: Valdes2 was authenticated
2019-09-23 13:34:40 INFO  AuthenticationFilter:39 - User: Valdes2 was authenticated
2019-09-23 13:34:40 INFO  AuthenticationFilter:39 - User: Valdes2 was authenticated
2019-09-23 13:34:41 INFO  AuthenticationFilter:39 - User: Valdes2 was authenticated
2019-09-23 13:34:42 INFO  AuthenticationFilter:39 - User: Valdes2 was authenticated
2019-09-23 13:34:45 INFO  AuthenticationFilter:39 - User: Valdes2 was authenticated
2019-09-23 13:34:45 INFO  AuthenticationFilter:39 - User: Valdes2 was authenticated
2019-09-23 13:34:47 INFO  AuthenticationFilter:39 - User: Valdes2 was authenticated
2019-09-23 13:34:47 INFO  AuthenticationFilter:39 - User: Valdes2 was authenticated
2019-09-23 13:34:50 INFO  AuthenticationFilter:39 - User: Valdes2 was authenticated
2019-09-23 13:35:46 DEBUG InjectorInitializer:15 - Injection started...
2019-09-23 13:51:29 INFO  AuthenticationFilter:42 - User was not authenticated
2019-09-23 13:51:55 INFO  AuthenticationFilter:39 - User: Valdes2 was authenticated
2019-09-23 13:51:59 INFO  AuthenticationFilter:39 - User: Valdes2 was authenticated
2019-09-23 13:52:04 DEBUG TestData:33 - Item created
2019-09-23 13:52:39 INFO  AuthenticationFilter:39 - User: Valdes2 was authenticated
2019-09-23 13:52:40 INFO  AuthenticationFilter:39 - User: Valdes2 was authenticated
2019-09-23 13:52:40 INFO  AuthenticationFilter:39 - User: Valdes2 was authenticated
2019-09-23 13:52:49 INFO  AuthenticationFilter:39 - User: Valdes2 was authenticated
2019-09-23 13:52:49 INFO  AuthenticationFilter:39 - User: Valdes2 was authenticated
2019-09-23 13:52:50 INFO  AuthenticationFilter:39 - User: Valdes2 was authenticated
2019-09-23 13:52:50 INFO  AuthenticationFilter:39 - User: Valdes2 was authenticated
2019-09-23 13:52:52 INFO  AuthenticationFilter:39 - User: Valdes2 was authenticated
2019-09-23 13:52:52 INFO  AuthenticationFilter:39 - User: Valdes2 was authenticated
2019-09-23 13:52:53 INFO  AuthenticationFilter:39 - User: Valdes2 was authenticated
2019-09-23 15:53:28 DEBUG InjectorInitializer:15 - Injection started...
2019-09-23 15:57:53 INFO  AuthenticationFilter:39 - User: Valdes2 was authenticated
2019-09-23 20:36:06 DEBUG InjectorInitializer:15 - Injection started...
2019-09-23 20:36:35 DEBUG InjectorInitializer:15 - Injection started...
2019-09-23 20:36:49 DEBUG TestData:33 - Item created
2019-09-23 20:36:51 INFO  AuthenticationFilter:46 - User: Valdes2 was authenticated
2019-09-23 20:36:55 INFO  AuthenticationFilter:46 - User: Valdes2 was authenticated
2019-09-23 20:36:56 INFO  AuthenticationFilter:46 - User: Valdes2 was authenticated
2019-09-23 20:36:56 INFO  AuthenticationFilter:46 - User: Valdes2 was authenticated
2019-09-23 20:36:57 INFO  AuthenticationFilter:46 - User: Valdes2 was authenticated
2019-09-23 20:36:59 INFO  AuthenticationFilter:46 - User: Valdes2 was authenticated
2019-09-23 20:36:59 INFO  AuthenticationFilter:46 - User: Valdes2 was authenticated
2019-09-23 20:37:00 INFO  AuthenticationFilter:46 - User: Valdes2 was authenticated
2019-09-23 20:37:00 INFO  AuthenticationFilter:46 - User: Valdes2 was authenticated
2019-09-23 20:37:02 INFO  AuthenticationFilter:46 - User: Valdes2 was authenticated
2019-09-23 20:37:02 INFO  AuthenticationFilter:46 - User: Valdes2 was authenticated
2019-09-23 20:37:03 INFO  AuthenticationFilter:46 - User: Valdes2 was authenticated
2019-09-23 20:37:13 INFO  AuthenticationFilter:46 - User: Valdes2 was authenticated
2019-09-23 20:37:17 INFO  AuthenticationFilter:46 - User: Valdes2 was authenticated
2019-09-23 20:37:18 INFO  AuthenticationFilter:46 - User: Valdes2 was authenticated
2019-09-23 20:37:18 INFO  AuthenticationFilter:49 - User was not authenticated
2019-09-23 20:37:22 INFO  AuthenticationFilter:49 - User was not authenticated
2019-09-23 20:37:24 INFO  AuthenticationFilter:49 - User was not authenticated
2019-09-24 11:06:32 DEBUG InjectorInitializer:15 - Injection started...
2019-09-24 11:07:10 INFO  AuthenticationFilter:46 - User: Valdes2 was authenticated
2019-09-24 11:07:25 DEBUG TestData:33 - Item created
2019-09-24 11:07:27 INFO  AuthenticationFilter:46 - User: Valdes2 was authenticated
2019-09-24 11:07:31 INFO  AuthenticationFilter:46 - User: Valdes2 was authenticated
2019-09-24 11:07:32 INFO  AuthenticationFilter:46 - User: Valdes2 was authenticated
2019-09-24 11:07:32 INFO  AuthenticationFilter:46 - User: Valdes2 was authenticated
2019-09-24 11:07:33 INFO  AuthenticationFilter:46 - User: Valdes2 was authenticated
2019-09-24 11:07:37 INFO  AuthenticationFilter:46 - User: Valdes2 was authenticated
2019-09-24 11:07:37 INFO  AuthenticationFilter:46 - User: Valdes2 was authenticated
2019-09-24 11:07:38 INFO  AuthenticationFilter:46 - User: Valdes2 was authenticated
2019-09-24 11:07:38 INFO  AuthenticationFilter:46 - User: Valdes2 was authenticated
2019-09-24 11:07:49 INFO  AuthenticationFilter:46 - User: Valdes2 was authenticated
2019-09-24 11:07:59 INFO  AuthenticationFilter:46 - User: Valdes2 was authenticated
2019-09-24 12:50:20 DEBUG InjectorInitializer:15 - Injection started...
2019-09-24 12:50:37 DEBUG TestData:33 - Item created
2019-09-24 12:50:40 INFO  AuthenticationFilter:46 - User: Valdes2 was authenticated
2019-09-24 12:50:51 INFO  AuthenticationFilter:46 - User: Valdes2 was authenticated
2019-09-24 12:50:52 INFO  AuthenticationFilter:46 - User: Valdes2 was authenticated
2019-09-24 12:50:52 INFO  AuthenticationFilter:49 - User was not authenticated
2019-09-24 12:50:54 INFO  AuthenticationFilter:49 - User was not authenticated
2019-09-24 12:54:46 DEBUG InjectorInitializer:15 - Injection started...
2019-09-24 12:54:51 INFO  AuthenticationFilter:49 - User was not authenticated
2019-09-24 12:55:09 INFO  AuthenticationFilter:46 - User: Valdes2 was authenticated
2019-09-24 12:55:15 INFO  AuthenticationFilter:46 - User: Valdes2 was authenticated
2019-09-24 12:55:25 INFO  AuthenticationFilter:46 - User: Valdes2 was authenticated
2019-09-24 12:55:31 INFO  AuthenticationFilter:46 - User: Valdes2 was authenticated
2019-09-24 12:56:50 INFO  AuthenticationFilter:46 - User: Valdes2 was authenticated
2019-09-24 13:06:20 DEBUG InjectorInitializer:15 - Injection started...
2019-09-24 13:09:21 INFO  AuthenticationFilter:46 - User: Valdes2 was authenticated
2019-09-24 13:11:49 INFO  AuthenticationFilter:46 - User: Valdes2 was authenticated
2019-09-24 13:13:22 INFO  AuthenticationFilter:46 - User: Valdes2 was authenticated
2019-09-24 13:15:28 INFO  AuthenticationFilter:46 - User: Valdes2 was authenticated
2019-09-24 13:16:05 INFO  AuthenticationFilter:46 - User: Valdes2 was authenticated
2019-09-24 13:45:51 DEBUG InjectorInitializer:15 - Injection started...
2019-09-24 13:48:18 DEBUG InjectorInitializer:15 - Injection started...
2019-09-24 13:49:57 INFO  AuthenticationFilter:49 - User was not authenticated
2019-09-24 13:50:12 INFO  AuthenticationFilter:46 - User: root was authenticated
2019-09-24 13:50:34 INFO  AuthenticationFilter:46 - User: Van was authenticated
2019-09-24 18:43:42 DEBUG InjectorInitializer:15 - Injection started...
2019-09-24 18:44:18 DEBUG TestData:33 - Item created
2019-09-24 18:44:21 INFO  AuthenticationFilter:46 - User: Valdes2 was authenticated
2019-09-24 18:44:32 INFO  AuthenticationFilter:46 - User: Valdes2 was authenticated
2019-09-24 18:44:44 INFO  AuthenticationFilter:46 - User: Valdes2 was authenticated
2019-09-24 18:45:11 INFO  AuthenticationFilter:46 - User: Valdes2 was authenticated
2019-09-24 18:48:57 DEBUG InjectorInitializer:15 - Injection started...
2019-09-24 18:49:08 INFO  AuthenticationFilter:49 - User was not authenticated
2019-09-24 18:49:18 INFO  AuthenticationFilter:46 - User: root was authenticated
2019-09-24 18:49:27 INFO  AuthenticationFilter:46 - User: root was authenticated
2019-09-24 18:49:37 INFO  AuthenticationFilter:46 - User: root was authenticated
2019-09-24 18:50:40 INFO  AuthenticationFilter:46 - User: root was authenticated
2019-09-24 18:51:18 INFO  AuthenticationFilter:46 - User: root was authenticated
2019-09-24 18:51:20 INFO  AuthenticationFilter:46 - User: root was authenticated
2019-09-24 18:51:20 DEBUG TestData:33 - Item created
2019-09-24 18:51:50 DEBUG InjectorInitializer:15 - Injection started...
2019-09-24 18:52:04 INFO  AuthenticationFilter:49 - User was not authenticated
2019-09-24 18:52:11 INFO  AuthenticationFilter:46 - User: root was authenticated
2019-09-24 18:52:14 INFO  AuthenticationFilter:46 - User: root was authenticated
2019-09-24 18:52:14 DEBUG TestData:33 - Item created
2019-09-24 18:52:47 INFO  AuthenticationFilter:46 - User: root was authenticated
2019-09-24 18:52:47 DEBUG TestData:33 - Item created
2019-09-24 18:52:47 INFO  AuthenticationFilter:46 - User: root was authenticated
2019-09-24 18:52:53 INFO  AuthenticationFilter:46 - User: root was authenticated
2019-09-24 18:53:12 INFO  AuthenticationFilter:46 - User: Valdes2 was authenticated
2019-09-24 18:53:16 INFO  AuthenticationFilter:46 - User: Valdes2 was authenticated
2019-09-24 18:58:32 INFO  AuthenticationFilter:46 - User: Valdes2 was authenticated
2019-09-24 18:58:39 INFO  AuthenticationFilter:46 - User: root was authenticated
2019-09-24 18:58:41 INFO  AuthenticationFilter:46 - User: root was authenticated
2019-09-24 18:58:52 INFO  AuthenticationFilter:46 - User: root was authenticated
2019-09-24 18:59:30 INFO  AuthenticationFilter:46 - User: root was authenticated
2019-09-24 19:05:33 INFO  AuthenticationFilter:46 - User: root was authenticated
2019-09-24 19:05:41 INFO  AuthenticationFilter:46 - User: root was authenticated
2019-09-24 19:05:49 INFO  AuthenticationFilter:49 - User was not authenticated
2019-09-24 19:06:37 INFO  AuthenticationFilter:46 - User: admin was authenticated
2019-09-24 19:06:39 INFO  AuthenticationFilter:46 - User: admin was authenticated
2019-09-24 19:09:01 INFO  AuthenticationFilter:49 - User was not authenticated
2019-09-24 19:09:15 INFO  AuthenticationFilter:46 - User: admin was authenticated
2019-09-24 19:09:17 INFO  AuthenticationFilter:46 - User: admin was authenticated
2019-09-24 19:09:17 DEBUG TestData:33 - Item created
2019-09-24 19:09:18 INFO  AuthenticationFilter:46 - User: admin was authenticated
2019-09-24 19:09:20 INFO  AuthenticationFilter:46 - User: admin was authenticated
2019-09-24 19:09:21 INFO  AuthenticationFilter:46 - User: admin was authenticated
2019-09-24 19:10:33 INFO  AuthenticationFilter:49 - User was not authenticated
2019-09-24 19:10:55 INFO  AuthenticationFilter:46 - User: admin was authenticated
2019-09-24 19:10:56 INFO  AuthenticationFilter:46 - User: admin was authenticated
2019-09-24 19:11:08 INFO  AuthenticationFilter:49 - User was not authenticated
2019-09-24 19:11:13 INFO  AuthenticationFilter:49 - User was not authenticated
2019-09-24 19:11:16 INFO  AuthenticationFilter:49 - User was not authenticated
2019-09-24 19:11:55 INFO  AuthenticationFilter:49 - User was not authenticated
2019-09-24 19:12:12 INFO  AuthenticationFilter:46 - User: admin was authenticated
2019-09-24 19:12:17 INFO  AuthenticationFilter:46 - User: admin was authenticated
2019-09-24 19:12:26 INFO  AuthenticationFilter:46 - User: admin was authenticated
2019-09-24 19:12:38 INFO  AuthenticationFilter:46 - User: admin was authenticated
2019-09-24 19:13:07 INFO  AuthenticationFilter:46 - User: admin was authenticated
2019-09-24 19:15:38 DEBUG InjectorInitializer:15 - Injection started...
2019-09-24 19:17:47 INFO  AuthenticationFilter:46 - User: admin was authenticated
2019-09-24 19:23:13 INFO  AuthenticationFilter:46 - User: admin was authenticated
2019-09-24 19:23:58 DEBUG InjectorInitializer:15 - Injection started...
2019-09-24 19:24:47 INFO  AuthenticationFilter:46 - User: admin was authenticated
2019-09-24 19:24:50 INFO  AuthenticationFilter:46 - User: admin was authenticated
2019-09-24 19:24:50 DEBUG TestData:33 - Item created
2019-09-24 19:24:50 INFO  AuthenticationFilter:46 - User: admin was authenticated
2019-09-24 19:24:53 INFO  AuthenticationFilter:46 - User: admin was authenticated
2019-09-24 19:24:58 INFO  AuthenticationFilter:46 - User: admin was authenticated
2019-09-24 19:25:08 INFO  AuthenticationFilter:46 - User: admin was authenticated
2019-09-24 19:25:47 INFO  AuthenticationFilter:46 - User: admin was authenticated
2019-09-24 19:25:57 INFO  AuthenticationFilter:46 - User: admin was authenticated
2019-09-24 19:26:00 INFO  AuthenticationFilter:46 - User: admin was authenticated
2019-09-24 19:26:02 INFO  AuthenticationFilter:46 - User: admin was authenticated
2019-09-24 19:26:56 INFO  AuthenticationFilter:46 - User: admin was authenticated
2019-09-24 19:26:58 INFO  AuthenticationFilter:46 - User: admin was authenticated
2019-09-24 19:26:58 INFO  AuthenticationFilter:46 - User: admin was authenticated
2019-09-24 19:27:00 INFO  AuthenticationFilter:46 - User: admin was authenticated
2019-09-24 19:27:00 INFO  AuthenticationFilter:49 - User was not authenticated
2019-09-24 19:30:29 INFO  AuthenticationFilter:49 - User was not authenticated
2019-09-24 19:30:39 INFO  AuthenticationFilter:46 - User: admin was authenticated
2019-09-24 19:30:49 INFO  AuthenticationFilter:46 - User: admin was authenticated
2019-09-24 19:31:44 INFO  AuthenticationFilter:46 - User: admin was authenticated
2019-09-24 19:32:05 INFO  AuthenticationFilter:46 - User: admin was authenticated
2019-09-24 19:32:05 INFO  AuthenticationFilter:46 - User: admin was authenticated
2019-09-24 19:32:05 INFO  AuthenticationFilter:46 - User: admin was authenticated
2019-09-24 19:32:09 INFO  AuthenticationFilter:46 - User: admin was authenticated
2019-09-24 19:32:12 INFO  AuthenticationFilter:46 - User: admin was authenticated
2019-09-24 19:32:21 INFO  AuthenticationFilter:46 - User: admin was authenticated
2019-09-24 19:32:25 INFO  AuthenticationFilter:46 - User: admin was authenticated
2019-09-24 19:32:31 INFO  AuthenticationFilter:46 - User: admin was authenticated
2019-09-24 19:35:25 INFO  AuthenticationFilter:46 - User: admin was authenticated
2019-09-24 19:35:31 INFO  AuthenticationFilter:46 - User: admin was authenticated
2019-09-24 19:35:38 INFO  AuthenticationFilter:46 - User: admin was authenticated
2019-09-24 19:37:08 INFO  AuthenticationFilter:46 - User: admin was authenticated
2019-09-24 19:38:28 INFO  AuthenticationFilter:46 - User: www was authenticated
2019-09-24 19:38:31 INFO  AuthenticationFilter:46 - User: www was authenticated
2019-09-24 19:38:32 INFO  AuthenticationFilter:46 - User: www was authenticated
2019-09-24 19:38:35 INFO  AuthenticationFilter:46 - User: www was authenticated
2019-09-24 19:38:35 INFO  AuthenticationFilter:46 - User: www was authenticated
2019-09-24 19:38:45 INFO  AuthenticationFilter:46 - User: www was authenticated
2019-09-24 19:38:49 INFO  AuthenticationFilter:46 - User: www was authenticated
2019-09-24 19:38:49 INFO  AuthenticationFilter:46 - User: www was authenticated
2019-09-24 19:38:51 INFO  AuthenticationFilter:46 - User: www was authenticated
2019-09-24 19:39:00 INFO  AuthenticationFilter:46 - User: www was authenticated
2019-09-24 19:39:01 INFO  AuthenticationFilter:46 - User: www was authenticated
2019-09-24 19:39:02 INFO  AuthenticationFilter:46 - User: www was authenticated
2019-09-24 19:39:03 INFO  AuthenticationFilter:46 - User: www was authenticated
2019-09-24 19:39:03 INFO  AuthenticationFilter:46 - User: www was authenticated
2019-09-24 19:39:08 INFO  AuthenticationFilter:46 - User: www was authenticated
2019-09-24 19:45:29 DEBUG InjectorInitializer:15 - Injection started...
2019-09-24 19:45:34 INFO  AuthenticationFilter:49 - User was not authenticated
2019-09-24 19:45:42 INFO  AuthenticationFilter:49 - User was not authenticated
2019-09-24 19:45:44 INFO  AuthenticationFilter:49 - User was not authenticated
2019-09-24 19:47:14 INFO  AuthenticationFilter:46 - User: admin was authenticated
2019-09-24 19:47:23 INFO  AuthenticationFilter:46 - User: admin was authenticated
2019-09-24 19:47:26 INFO  AuthenticationFilter:46 - User: admin was authenticated
2019-09-24 19:47:26 DEBUG TestData:33 - Item created
2019-09-24 19:47:26 INFO  AuthenticationFilter:46 - User: admin was authenticated
2019-09-24 19:47:28 INFO  AuthenticationFilter:46 - User: admin was authenticated
2019-09-24 19:47:43 INFO  AuthenticationFilter:46 - User: www was authenticated
2019-09-24 19:47:44 INFO  AuthenticationFilter:46 - User: www was authenticated
2019-09-24 19:47:45 INFO  AuthenticationFilter:46 - User: www was authenticated
2019-09-24 19:47:45 INFO  AuthenticationFilter:46 - User: www was authenticated
2019-09-24 19:47:47 INFO  AuthenticationFilter:46 - User: www was authenticated
2019-09-24 19:47:47 INFO  AuthenticationFilter:46 - User: www was authenticated
2019-09-24 19:47:49 INFO  AuthenticationFilter:46 - User: www was authenticated
2019-09-24 19:47:49 INFO  AuthenticationFilter:46 - User: www was authenticated
2019-09-24 19:47:51 INFO  AuthenticationFilter:46 - User: www was authenticated
2019-09-24 19:48:13 INFO  AuthenticationFilter:46 - User: www was authenticated
2019-09-24 19:48:15 INFO  AuthenticationFilter:46 - User: www was authenticated
2019-09-24 19:48:25 INFO  AuthenticationFilter:46 - User: admin was authenticated
2019-09-24 19:48:27 INFO  AuthenticationFilter:46 - User: admin was authenticated
2019-09-24 19:54:49 INFO  AuthenticationFilter:46 - User: admin was authenticated
2019-09-24 19:55:13 INFO  AuthenticationFilter:46 - User: admin was authenticated
2019-09-24 19:55:14 INFO  AuthenticationFilter:46 - User: admin was authenticated
2019-09-24 19:55:14 INFO  AuthenticationFilter:46 - User: admin was authenticated
2019-09-24 19:55:15 INFO  AuthenticationFilter:46 - User: admin was authenticated
2019-09-24 19:55:15 INFO  AuthenticationFilter:49 - User was not authenticated
2019-09-24 19:55:17 INFO  AuthenticationFilter:49 - User was not authenticated
2019-09-24 19:55:24 INFO  AuthenticationFilter:49 - User was not authenticated
2019-09-24 19:57:49 INFO  AuthenticationFilter:49 - User was not authenticated
2019-09-24 19:57:56 INFO  AuthenticationFilter:49 - User was not authenticated
2019-09-24 19:58:19 INFO  AuthenticationFilter:46 - User: admin was authenticated
2019-09-24 19:58:23 INFO  AuthenticationFilter:46 - User: admin was authenticated
2019-09-24 20:01:58 INFO  AuthenticationFilter:46 - User: admin was authenticated
2019-09-24 20:02:10 INFO  AuthenticationFilter:46 - User: admin was authenticated
2019-09-24 20:02:16 INFO  AuthenticationFilter:46 - User: admin was authenticated
2019-09-24 20:02:46 INFO  AuthenticationFilter:46 - User: admin was authenticated
2019-09-24 20:05:34 INFO  AuthenticationFilter:46 - User: admin was authenticated
2019-09-24 20:12:49 DEBUG InjectorInitializer:15 - Injection started...
2019-09-24 20:13:11 INFO  AuthenticationFilter:46 - User: admin was authenticated
2019-09-24 20:16:23 INFO  AuthenticationFilter:46 - User: admin was authenticated
2019-09-24 20:16:28 INFO  AuthenticationFilter:46 - User: admin was authenticated
2019-09-24 20:16:31 INFO  AuthenticationFilter:46 - User: admin was authenticated
2019-09-24 20:16:31 DEBUG TestData:33 - Item created
2019-09-24 20:16:31 INFO  AuthenticationFilter:46 - User: admin was authenticated
2019-09-24 20:16:35 INFO  AuthenticationFilter:46 - User: admin was authenticated
2019-09-24 20:16:48 INFO  AuthenticationFilter:46 - User: www was authenticated
2019-09-24 20:16:50 INFO  AuthenticationFilter:46 - User: www was authenticated
2019-09-24 20:16:54 INFO  AuthenticationFilter:46 - User: www was authenticated
2019-09-24 20:16:56 INFO  AuthenticationFilter:46 - User: www was authenticated
2019-09-24 20:16:56 INFO  AuthenticationFilter:46 - User: www was authenticated
2019-09-24 20:16:58 INFO  AuthenticationFilter:46 - User: www was authenticated
2019-09-24 20:16:58 INFO  AuthenticationFilter:46 - User: www was authenticated
2019-09-24 20:16:59 INFO  AuthenticationFilter:46 - User: www was authenticated
2019-09-24 20:16:59 INFO  AuthenticationFilter:46 - User: www was authenticated
2019-09-24 20:17:01 INFO  AuthenticationFilter:46 - User: www was authenticated
2019-09-24 20:17:01 INFO  AuthenticationFilter:46 - User: www was authenticated
2019-09-24 20:17:02 INFO  AuthenticationFilter:46 - User: www was authenticated
